This file contains any messages produced by compilers while
running configure, to aid debugging if configure makes a mistake.

It was created by gc configure 7.1, which was
generated by GNU Autoconf 2.61.  Invocation command line was

  $ /home/tux/workspace/x10.runtime/src-cpp/bdwgc/src/configure -enable-threads=posix -enable-thread-local-alloc --prefix=/home/tux/workspace/x10.runtime/src-cpp/bdwgc/install

## --------- ##
## Platform. ##
## --------- ##

hostname = tux-laptop
uname -m = i686
uname -r = 2.6.32-23-generic
uname -s = Linux
uname -v = #37-Ubuntu SMP Fri Jun 11 07:54:58 UTC 2010

/usr/bin/uname -p = unknown
/bin/uname -X     = unknown

/bin/arch              = unknown
/usr/bin/arch -k       = unknown
/usr/convex/getsysinfo = unknown
/usr/bin/hostinfo      = unknown
/bin/machine           = unknown
/usr/bin/oslevel       = unknown
/bin/universe          = unknown

PATH: /usr/local/sbin
PATH: /usr/local/bin
PATH: /usr/sbin
PATH: /usr/bin
PATH: /sbin
PATH: /bin
PATH: /usr/games
PATH: /home/tux/Fortress/fortress_4337/bin
PATH: /home/tux/usr/scala/bin
PATH: /home/tux/usr/android-sdk-linux_86/tools
PATH: /home/tux/usr/X10/x10-trunk/x10.dist/bin


## ----------- ##
## Core tests. ##
## ----------- ##

configure:2042: checking build system type
configure:2060: result: i686-pc-linux-gnu
configure:2082: checking host system type
configure:2097: result: i686-pc-linux-gnu
configure:2119: checking target system type
configure:2134: result: i686-pc-linux-gnu
configure:2165: checking GC version numbers
configure:2203: result: major=7 minor=1 
configure:2221: checking for a BSD-compatible install
configure:2277: result: /usr/bin/install -c
configure:2288: checking whether build environment is sane
configure:2331: result: yes
configure:2396: checking for gawk
configure:2412: found /usr/bin/gawk
configure:2423: result: gawk
configure:2434: checking whether make sets $(MAKE)
configure:2455: result: yes
configure:2639: checking whether to enable maintainer-specific portions of Makefiles
configure:2648: result: no
configure:2679: checking for style of include used by make
configure:2707: result: GNU
configure:2780: checking for gcc
configure:2796: found /usr/bin/gcc
configure:2807: result: gcc
configure:3045: checking for C compiler version
configure:3052: gcc --version >&5
gcc (Ubuntu 4.4.3-4ubuntu5) 4.4.3
Copyright (C) 2009 Free Software Foundation, Inc.
This is free software; see the source for copying conditions.  There is NO
warranty; not even for MERCHANTABILITY or FITNESS FOR A PARTICULAR PURPOSE.

configure:3055: $? = 0
configure:3062: gcc -v >&5
Using built-in specs.
Target: i486-linux-gnu
Configured with: ../src/configure -v --with-pkgversion='Ubuntu 4.4.3-4ubuntu5' --with-bugurl=file:///usr/share/doc/gcc-4.4/README.Bugs --enable-languages=c,c++,fortran,objc,obj-c++ --prefix=/usr --enable-shared --enable-multiarch --enable-linker-build-id --with-system-zlib --libexecdir=/usr/lib --without-included-gettext --enable-threads=posix --with-gxx-include-dir=/usr/include/c++/4.4 --program-suffix=-4.4 --enable-nls --enable-clocale=gnu --enable-libstdcxx-debug --enable-plugin --enable-objc-gc --enable-targets=all --disable-werror --with-arch-32=i486 --with-tune=generic --enable-checking=release --build=i486-linux-gnu --host=i486-linux-gnu --target=i486-linux-gnu
Thread model: posix
gcc version 4.4.3 (Ubuntu 4.4.3-4ubuntu5) 
configure:3065: $? = 0
configure:3072: gcc -V >&5
gcc: '-V' option must have argument
configure:3075: $? = 1
configure:3098: checking for C compiler default output file name
configure:3125: gcc    conftest.c  >&5
configure:3128: $? = 0
configure:3166: result: a.out
configure:3183: checking whether the C compiler works
configure:3193: ./a.out
configure:3196: $? = 0
configure:3213: result: yes
configure:3220: checking whether we are cross compiling
configure:3222: result: no
configure:3225: checking for suffix of executables
configure:3232: gcc -o conftest    conftest.c  >&5
configure:3235: $? = 0
configure:3259: result: 
configure:3265: checking for suffix of object files
configure:3291: gcc -c   conftest.c >&5
configure:3294: $? = 0
configure:3317: result: o
configure:3321: checking whether we are using the GNU C compiler
configure:3350: gcc -c   conftest.c >&5
configure:3356: $? = 0
configure:3373: result: yes
configure:3378: checking whether gcc accepts -g
configure:3408: gcc -c -g  conftest.c >&5
configure:3414: $? = 0
configure:3513: result: yes
configure:3530: checking for gcc option to accept ISO C89
configure:3604: gcc  -c -g -O2  conftest.c >&5
configure:3610: $? = 0
configure:3633: result: none needed
configure:3653: checking dependency style of gcc
configure:3743: result: gcc3
configure:3761: checking whether gcc and cc understand -c and -o together
configure:3796: gcc -c conftest.c -o conftest2.o >&5
configure:3799: $? = 0
configure:3805: gcc -c conftest.c -o conftest2.o >&5
configure:3808: $? = 0
configure:3819: cc -c conftest.c >&5
configure:3822: $? = 0
configure:3830: cc -c conftest.c -o conftest2.o >&5
configure:3833: $? = 0
configure:3839: cc -c conftest.c -o conftest2.o >&5
configure:3842: $? = 0
configure:3860: result: yes
configure:3943: checking for g++
configure:3959: found /usr/bin/g++
configure:3970: result: g++
configure:4001: checking for C++ compiler version
configure:4008: g++ --version >&5
g++ (Ubuntu 4.4.3-4ubuntu5) 4.4.3
Copyright (C) 2009 Free Software Foundation, Inc.
This is free software; see the source for copying conditions.  There is NO
warranty; not even for MERCHANTABILITY or FITNESS FOR A PARTICULAR PURPOSE.

configure:4011: $? = 0
configure:4018: g++ -v >&5
Using built-in specs.
Target: i486-linux-gnu
Configured with: ../src/configure -v --with-pkgversion='Ubuntu 4.4.3-4ubuntu5' --with-bugurl=file:///usr/share/doc/gcc-4.4/README.Bugs --enable-languages=c,c++,fortran,objc,obj-c++ --prefix=/usr --enable-shared --enable-multiarch --enable-linker-build-id --with-system-zlib --libexecdir=/usr/lib --without-included-gettext --enable-threads=posix --with-gxx-include-dir=/usr/include/c++/4.4 --program-suffix=-4.4 --enable-nls --enable-clocale=gnu --enable-libstdcxx-debug --enable-plugin --enable-objc-gc --enable-targets=all --disable-werror --with-arch-32=i486 --with-tune=generic --enable-checking=release --build=i486-linux-gnu --host=i486-linux-gnu --target=i486-linux-gnu
Thread model: posix
gcc version 4.4.3 (Ubuntu 4.4.3-4ubuntu5) 
configure:4021: $? = 0
configure:4028: g++ -V >&5
g++: '-V' option must have argument
configure:4031: $? = 1
configure:4034: checking whether we are using the GNU C++ compiler
configure:4063: g++ -c   conftest.cpp >&5
configure:4069: $? = 0
configure:4086: result: yes
configure:4091: checking whether g++ accepts -g
configure:4121: g++ -c -g  conftest.cpp >&5
configure:4127: $? = 0
configure:4226: result: yes
configure:4251: checking dependency style of g++
configure:4341: result: gcc3
configure:4410: checking for ar
configure:4426: found /usr/bin/ar
configure:4437: result: ar
configure:4506: checking for ranlib
configure:4522: found /usr/bin/ranlib
configure:4533: result: ranlib
configure:4573: checking for a BSD-compatible install
configure:4629: result: /usr/bin/install -c
configure:4711: WARNING: "Explict GC_INIT() calls may be required."
configure:5868: checking for xlc
configure:5895: gcc -c -g -O2  conftest.c >&5
conftest.c:21:4: error: #error 
configure:5901: $? = 1
configure: failed program was:
| /* confdefs.h.  */
| #define PACKAGE_NAME "gc"
| #define PACKAGE_TARNAME "gc"
| #define PACKAGE_VERSION "7.1"
| #define PACKAGE_STRING "gc 7.1"
| #define PACKAGE_BUGREPORT "Hans.Boehm@hp.com"
| #define GC_VERSION_MAJOR 7
| #define GC_VERSION_MINOR 1
| #define PACKAGE "gc"
| #define VERSION "7.1"
| #define GC_LINUX_THREADS 1
| #define _REENTRANT 1
| #define THREAD_LOCAL_ALLOC 1
| /* end confdefs.h.  */
| 
| int
| main ()
| {
| 
|  #ifndef __xlC__
|  # error
|  #endif
| 
|   ;
|   return 0;
| }
configure:5915: result: no
configure:5940: checking for dlopen in -ldl
configure:5975: gcc -o conftest -g -O2   conftest.c -ldl   >&5
configure:5981: $? = 0
configure:5999: result: yes
configure:6082: checking whether to build shared libraries
configure:6117: result: yes
configure:6122: checking which machine-dependent code should be used
configure:6181: result: 
configure:6237: checking for a sed that does not truncate output
configure:6291: result: /bin/sed
configure:6294: checking for grep that handles long lines and -e
configure:6368: result: /bin/grep
configure:6373: checking for egrep
configure:6451: result: /bin/grep -E
configure:6467: checking for ld used by gcc
configure:6534: result: /usr/bin/ld
configure:6543: checking if the linker (/usr/bin/ld) is GNU ld
configure:6558: result: yes
configure:6563: checking for /usr/bin/ld option to reload object files
configure:6570: result: -r
configure:6588: checking for BSD-compatible nm
configure:6637: result: /usr/bin/nm -B
configure:6641: checking whether ln -s works
configure:6645: result: yes
configure:6652: checking how to recognise dependent libraries
configure:6828: result: pass_all
configure:7061: checking how to run the C preprocessor
configure:7101: gcc -E  conftest.c
configure:7107: $? = 0
configure:7138: gcc -E  conftest.c
conftest.c:15:28: error: ac_nonexistent.h: No such file or directory
configure:7144: $? = 1
configure: failed program was:
| /* confdefs.h.  */
| #define PACKAGE_NAME "gc"
| #define PACKAGE_TARNAME "gc"
| #define PACKAGE_VERSION "7.1"
| #define PACKAGE_STRING "gc 7.1"
| #define PACKAGE_BUGREPORT "Hans.Boehm@hp.com"
| #define GC_VERSION_MAJOR 7
| #define GC_VERSION_MINOR 1
| #define PACKAGE "gc"
| #define VERSION "7.1"
| #define GC_LINUX_THREADS 1
| #define _REENTRANT 1
| #define THREAD_LOCAL_ALLOC 1
| /* end confdefs.h.  */
| #include <ac_nonexistent.h>
configure:7177: result: gcc -E
configure:7206: gcc -E  conftest.c
configure:7212: $? = 0
configure:7243: gcc -E  conftest.c
conftest.c:15:28: error: ac_nonexistent.h: No such file or directory
configure:7249: $? = 1
configure: failed program was:
| /* confdefs.h.  */
| #define PACKAGE_NAME "gc"
| #define PACKAGE_TARNAME "gc"
| #define PACKAGE_VERSION "7.1"
| #define PACKAGE_STRING "gc 7.1"
| #define PACKAGE_BUGREPORT "Hans.Boehm@hp.com"
| #define GC_VERSION_MAJOR 7
| #define GC_VERSION_MINOR 1
| #define PACKAGE "gc"
| #define VERSION "7.1"
| #define GC_LINUX_THREADS 1
| #define _REENTRANT 1
| #define THREAD_LOCAL_ALLOC 1
| /* end confdefs.h.  */
| #include <ac_nonexistent.h>
configure:7287: checking for ANSI C header files
configure:7317: gcc -c -g -O2  conftest.c >&5
configure:7323: $? = 0
configure:7422: gcc -o conftest -g -O2   conftest.c  >&5
configure:7425: $? = 0
configure:7431: ./conftest
configure:7434: $? = 0
configure:7451: result: yes
configure:7475: checking for sys/types.h
configure:7496: gcc -c -g -O2  conftest.c >&5
configure:7502: $? = 0
configure:7518: result: yes
configure:7475: checking for sys/stat.h
configure:7496: gcc -c -g -O2  conftest.c >&5
configure:7502: $? = 0
configure:7518: result: yes
configure:7475: checking for stdlib.h
configure:7496: gcc -c -g -O2  conftest.c >&5
configure:7502: $? = 0
configure:7518: result: yes
configure:7475: checking for string.h
configure:7496: gcc -c -g -O2  conftest.c >&5
configure:7502: $? = 0
configure:7518: result: yes
configure:7475: checking for memory.h
configure:7496: gcc -c -g -O2  conftest.c >&5
configure:7502: $? = 0
configure:7518: result: yes
configure:7475: checking for strings.h
configure:7496: gcc -c -g -O2  conftest.c >&5
configure:7502: $? = 0
configure:7518: result: yes
configure:7475: checking for inttypes.h
configure:7496: gcc -c -g -O2  conftest.c >&5
configure:7502: $? = 0
configure:7518: result: yes
configure:7475: checking for stdint.h
configure:7496: gcc -c -g -O2  conftest.c >&5
configure:7502: $? = 0
configure:7518: result: yes
configure:7475: checking for unistd.h
configure:7496: gcc -c -g -O2  conftest.c >&5
configure:7502: $? = 0
configure:7518: result: yes
configure:7545: checking dlfcn.h usability
configure:7562: gcc -c -g -O2  conftest.c >&5
configure:7568: $? = 0
configure:7582: result: yes
configure:7586: checking dlfcn.h presence
configure:7601: gcc -E  conftest.c
configure:7607: $? = 0
configure:7621: result: yes
configure:7654: checking for dlfcn.h
configure:7662: result: yes
configure:7685: checking how to run the C++ preprocessor
configure:7721: g++ -E  conftest.cpp
configure:7727: $? = 0
configure:7758: g++ -E  conftest.cpp
conftest.cpp:26:28: error: ac_nonexistent.h: No such file or directory
configure:7764: $? = 1
configure: failed program was:
| /* confdefs.h.  */
| #define PACKAGE_NAME "gc"
| #define PACKAGE_TARNAME "gc"
| #define PACKAGE_VERSION "7.1"
| #define PACKAGE_STRING "gc 7.1"
| #define PACKAGE_BUGREPORT "Hans.Boehm@hp.com"
| #define GC_VERSION_MAJOR 7
| #define GC_VERSION_MINOR 1
| #define PACKAGE "gc"
| #define VERSION "7.1"
| #define GC_LINUX_THREADS 1
| #define _REENTRANT 1
| #define THREAD_LOCAL_ALLOC 1
| #define STDC_HEADERS 1
| #define HAVE_SYS_TYPES_H 1
| #define HAVE_SYS_STAT_H 1
| #define HAVE_STDLIB_H 1
| #define HAVE_STRING_H 1
| #define HAVE_MEMORY_H 1
| #define HAVE_STRINGS_H 1
| #define HAVE_INTTYPES_H 1
| #define HAVE_STDINT_H 1
| #define HAVE_UNISTD_H 1
| #define HAVE_DLFCN_H 1
| /* end confdefs.h.  */
| #include <ac_nonexistent.h>
configure:7797: result: g++ -E
configure:7826: g++ -E  conftest.cpp
configure:7832: $? = 0
configure:7863: g++ -E  conftest.cpp
conftest.cpp:26:28: error: ac_nonexistent.h: No such file or directory
configure:7869: $? = 1
configure: failed program was:
| /* confdefs.h.  */
| #define PACKAGE_NAME "gc"
| #define PACKAGE_TARNAME "gc"
| #define PACKAGE_VERSION "7.1"
| #define PACKAGE_STRING "gc 7.1"
| #define PACKAGE_BUGREPORT "Hans.Boehm@hp.com"
| #define GC_VERSION_MAJOR 7
| #define GC_VERSION_MINOR 1
| #define PACKAGE "gc"
| #define VERSION "7.1"
| #define GC_LINUX_THREADS 1
| #define _REENTRANT 1
| #define THREAD_LOCAL_ALLOC 1
| #define STDC_HEADERS 1
| #define HAVE_SYS_TYPES_H 1
| #define HAVE_SYS_STAT_H 1
| #define HAVE_STDLIB_H 1
| #define HAVE_STRING_H 1
| #define HAVE_MEMORY_H 1
| #define HAVE_STRINGS_H 1
| #define HAVE_INTTYPES_H 1
| #define HAVE_STDINT_H 1
| #define HAVE_UNISTD_H 1
| #define HAVE_DLFCN_H 1
| /* end confdefs.h.  */
| #include <ac_nonexistent.h>
configure:7962: checking for g77
configure:7992: result: no
configure:7962: checking for xlf
configure:7992: result: no
configure:7962: checking for f77
configure:7992: result: no
configure:7962: checking for frt
configure:7992: result: no
configure:7962: checking for pgf77
configure:7992: result: no
configure:7962: checking for cf77
configure:7992: result: no
configure:7962: checking for fort77
configure:7992: result: no
configure:7962: checking for fl32
configure:7992: result: no
configure:7962: checking for af77
configure:7992: result: no
configure:7962: checking for xlf90
configure:7992: result: no
configure:7962: checking for f90
configure:7992: result: no
configure:7962: checking for pgf90
configure:7992: result: no
configure:7962: checking for pghpf
configure:7992: result: no
configure:7962: checking for epcf90
configure:7992: result: no
configure:7962: checking for gfortran
configure:7992: result: no
configure:7962: checking for g95
configure:7992: result: no
configure:7962: checking for xlf95
configure:7992: result: no
configure:7962: checking for f95
configure:7992: result: no
configure:7962: checking for fort
configure:7992: result: no
configure:7962: checking for ifort
configure:7992: result: no
configure:7962: checking for ifc
configure:7992: result: no
configure:7962: checking for efc
configure:7992: result: no
configure:7962: checking for pgf95
configure:7992: result: no
configure:7962: checking for lf95
configure:7992: result: no
configure:7962: checking for ftn
configure:7992: result: no
configure:8019: checking for Fortran 77 compiler version
configure:8026:  --version >&5
/home/tux/workspace/x10.runtime/src-cpp/bdwgc/src/configure: line 8027: --version: command not found
configure:8029: $? = 127
configure:8036:  -v >&5
/home/tux/workspace/x10.runtime/src-cpp/bdwgc/src/configure: line 8037: -v: command not found
configure:8039: $? = 127
configure:8046:  -V >&5
/home/tux/workspace/x10.runtime/src-cpp/bdwgc/src/configure: line 8047: -V: command not found
configure:8049: $? = 127
configure:8057: checking whether we are using the GNU Fortran 77 compiler
configure:8076:  -c  conftest.F >&5
/home/tux/workspace/x10.runtime/src-cpp/bdwgc/src/configure: line 8077: -c: command not found
configure:8082: $? = 127
configure: failed program was:
|       program main
| #ifndef __GNUC__
|        choke me
| #endif
| 
|       end
configure:8099: result: no
configure:8105: checking whether  accepts -g
configure:8122:  -c -g conftest.f >&5
/home/tux/workspace/x10.runtime/src-cpp/bdwgc/src/configure: line 8123: -c: command not found
configure:8128: $? = 127
configure: failed program was:
|       program main
| 
|       end
configure:8144: result: no
configure:8174: checking the maximum length of command line arguments
configure:8283: result: 32768
configure:8294: checking command to parse /usr/bin/nm -B output from gcc object
configure:8399: gcc -c -g -O2  conftest.c >&5
configure:8402: $? = 0
configure:8406: /usr/bin/nm -B conftest.o \| sed -n -e 's/^.*[ 	]\([ABCDGIRSTW][ABCDGIRSTW]*\)[ 	][ 	]*\([_A-Za-z][_A-Za-z0-9]*\)$/\1 \2 \2/p' \> conftest.nm
configure:8409: $? = 0
configure:8461: gcc -o conftest -g -O2   conftest.c conftstm.o >&5
configure:8464: $? = 0
configure:8502: result: ok
configure:8506: checking for objdir
configure:8521: result: .libs
configure:8613: checking for ar
configure:8640: result: ar
configure:8709: checking for ranlib
configure:8736: result: ranlib
configure:8805: checking for strip
configure:8821: found /usr/bin/strip
configure:8832: result: strip
configure:9122: checking if gcc supports -fno-rtti -fno-exceptions
configure:9138: gcc -c -g -O2  -fno-rtti -fno-exceptions conftest.c >&5
cc1: warning: command line option "-fno-rtti" is valid for C++/ObjC++ but not for C
configure:9142: $? = 0
configure:9157: result: no
configure:9172: checking for gcc option to produce PIC
configure:9382: result: -fPIC
configure:9390: checking if gcc PIC flag -fPIC works
configure:9406: gcc -c -g -O2  -fPIC -DPIC conftest.c >&5
configure:9410: $? = 0
configure:9425: result: yes
configure:9453: checking if gcc static flag -static works
configure:9481: result: yes
configure:9491: checking if gcc supports -c -o file.o
configure:9510: gcc -c -g -O2  -o out/conftest2.o conftest.c >&5
configure:9514: $? = 0
configure:9538: result: yes
configure:9564: checking whether the gcc linker (/usr/bin/ld) supports shared libraries
configure:10518: result: yes
configure:10539: checking whether -lc should be explicitly linked in
configure:10544: gcc -c -g -O2  conftest.c >&5
configure:10547: $? = 0
configure:10562: gcc -shared conftest.o  -v -Wl,-soname -Wl,conftest -o conftest 2\>\&1 \| grep  -lc  \>/dev/null 2\>\&1
configure:10565: $? = 0
configure:10577: result: no
configure:10585: checking dynamic linker characteristics
configure:11173: result: GNU/Linux ld.so
configure:11182: checking how to hardcode library paths into programs
configure:11207: result: immediate
configure:11221: checking whether stripping libraries is possible
configure:11226: result: yes
configure:12027: checking if libtool supports shared libraries
configure:12029: result: yes
configure:12032: checking whether to build shared libraries
configure:12053: result: yes
configure:12056: checking whether to build static libraries
configure:12060: result: yes
configure:12152: creating libtool
configure:12740: checking for ld used by g++
configure:12807: result: /usr/bin/ld
configure:12816: checking if the linker (/usr/bin/ld) is GNU ld
configure:12831: result: yes
configure:12882: checking whether the g++ linker (/usr/bin/ld) supports shared libraries
configure:13816: result: yes
configure:13838: g++ -c -g -O2  conftest.cpp >&5
configure:13841: $? = 0
configure:13960: checking for g++ option to produce PIC
configure:14234: result: -fPIC
configure:14242: checking if g++ PIC flag -fPIC works
configure:14258: g++ -c -g -O2  -fPIC -DPIC conftest.cpp >&5
configure:14262: $? = 0
configure:14277: result: yes
configure:14305: checking if g++ static flag -static works
configure:14333: result: yes
configure:14343: checking if g++ supports -c -o file.o
configure:14362: g++ -c -g -O2  -o out/conftest2.o conftest.cpp >&5
configure:14366: $? = 0
configure:14390: result: yes
configure:14416: checking whether the g++ linker (/usr/bin/ld) supports shared libraries
configure:14441: result: yes
configure:14508: checking dynamic linker characteristics
configure:15096: result: GNU/Linux ld.so
configure:15105: checking how to hardcode library paths into programs
configure:15130: result: immediate
configure:21289: checking sys/dg_sys_info.h usability
configure:21306: gcc -c -g -O2  conftest.c >&5
conftest.c:59:29: error: sys/dg_sys_info.h: No such file or directory
configure:21312: $? = 1
configure: failed program was:
| /* confdefs.h.  */
| #define PACKAGE_NAME "gc"
| #define PACKAGE_TARNAME "gc"
| #define PACKAGE_VERSION "7.1"
| #define PACKAGE_STRING "gc 7.1"
| #define PACKAGE_BUGREPORT "Hans.Boehm@hp.com"
| #define GC_VERSION_MAJOR 7
| #define GC_VERSION_MINOR 1
| #define PACKAGE "gc"
| #define VERSION "7.1"
| #define GC_LINUX_THREADS 1
| #define _REENTRANT 1
| #define THREAD_LOCAL_ALLOC 1
| #define STDC_HEADERS 1
| #define HAVE_SYS_TYPES_H 1
| #define HAVE_SYS_STAT_H 1
| #define HAVE_STDLIB_H 1
| #define HAVE_STRING_H 1
| #define HAVE_MEMORY_H 1
| #define HAVE_STRINGS_H 1
| #define HAVE_INTTYPES_H 1
| #define HAVE_STDINT_H 1
| #define HAVE_UNISTD_H 1
| #define HAVE_DLFCN_H 1
| /* end confdefs.h.  */
| #include <stdio.h>
| #ifdef HAVE_SYS_TYPES_H
| # include <sys/types.h>
| #endif
| #ifdef HAVE_SYS_STAT_H
| # include <sys/stat.h>
| #endif
| #ifdef STDC_HEADERS
| # include <stdlib.h>
| # include <stddef.h>
| #else
| # ifdef HAVE_STDLIB_H
| #  include <stdlib.h>
| # endif
| #endif
| #ifdef HAVE_STRING_H
| # if !defined STDC_HEADERS && defined HAVE_MEMORY_H
| #  include <memory.h>
| # endif
| # include <string.h>
| #endif
| #ifdef HAVE_STRINGS_H
| # include <strings.h>
| #endif
| #ifdef HAVE_INTTYPES_H
| # include <inttypes.h>
| #endif
| #ifdef HAVE_STDINT_H
| # include <stdint.h>
| #endif
| #ifdef HAVE_UNISTD_H
| # include <unistd.h>
| #endif
| #include <sys/dg_sys_info.h>
configure:21326: result: no
configure:21330: checking sys/dg_sys_info.h presence
configure:21345: gcc -E  conftest.c
conftest.c:26:29: error: sys/dg_sys_info.h: No such file or directory
configure:21351: $? = 1
configure: failed program was:
| /* confdefs.h.  */
| #define PACKAGE_NAME "gc"
| #define PACKAGE_TARNAME "gc"
| #define PACKAGE_VERSION "7.1"
| #define PACKAGE_STRING "gc 7.1"
| #define PACKAGE_BUGREPORT "Hans.Boehm@hp.com"
| #define GC_VERSION_MAJOR 7
| #define GC_VERSION_MINOR 1
| #define PACKAGE "gc"
| #define VERSION "7.1"
| #define GC_LINUX_THREADS 1
| #define _REENTRANT 1
| #define THREAD_LOCAL_ALLOC 1
| #define STDC_HEADERS 1
| #define HAVE_SYS_TYPES_H 1
| #define HAVE_SYS_STAT_H 1
| #define HAVE_STDLIB_H 1
| #define HAVE_STRING_H 1
| #define HAVE_MEMORY_H 1
| #define HAVE_STRINGS_H 1
| #define HAVE_INTTYPES_H 1
| #define HAVE_STDINT_H 1
| #define HAVE_UNISTD_H 1
| #define HAVE_DLFCN_H 1
| /* end confdefs.h.  */
| #include <sys/dg_sys_info.h>
configure:21365: result: no
configure:21398: checking for sys/dg_sys_info.h
configure:21405: result: no
configure:21452: checking whether Solaris gcc optimization fix is necessary
configure:21475: result: no
configure:21802: checking atomic_ops.h usability
configure:21819: gcc -c -g -O2  conftest.c >&5
conftest.c:64:24: error: atomic_ops.h: No such file or directory
configure:21825: $? = 1
configure: failed program was:
| /* confdefs.h.  */
| #define PACKAGE_NAME "gc"
| #define PACKAGE_TARNAME "gc"
| #define PACKAGE_VERSION "7.1"
| #define PACKAGE_STRING "gc 7.1"
| #define PACKAGE_BUGREPORT "Hans.Boehm@hp.com"
| #define GC_VERSION_MAJOR 7
| #define GC_VERSION_MINOR 1
| #define PACKAGE "gc"
| #define VERSION "7.1"
| #define GC_LINUX_THREADS 1
| #define _REENTRANT 1
| #define THREAD_LOCAL_ALLOC 1
| #define STDC_HEADERS 1
| #define HAVE_SYS_TYPES_H 1
| #define HAVE_SYS_STAT_H 1
| #define HAVE_STDLIB_H 1
| #define HAVE_STRING_H 1
| #define HAVE_MEMORY_H 1
| #define HAVE_STRINGS_H 1
| #define HAVE_INTTYPES_H 1
| #define HAVE_STDINT_H 1
| #define HAVE_UNISTD_H 1
| #define HAVE_DLFCN_H 1
| #define NO_EXECUTE_PERMISSION 1
| #define ALL_INTERIOR_POINTERS 1
| #define GC_GCJ_SUPPORT 1
| #define JAVA_FINALIZATION 1
| #define ATOMIC_UNCOLLECTABLE 1
| /* end confdefs.h.  */
| #include <stdio.h>
| #ifdef HAVE_SYS_TYPES_H
| # include <sys/types.h>
| #endif
| #ifdef HAVE_SYS_STAT_H
| # include <sys/stat.h>
| #endif
| #ifdef STDC_HEADERS
| # include <stdlib.h>
| # include <stddef.h>
| #else
| # ifdef HAVE_STDLIB_H
| #  include <stdlib.h>
| # endif
| #endif
| #ifdef HAVE_STRING_H
| # if !defined STDC_HEADERS && defined HAVE_MEMORY_H
| #  include <memory.h>
| # endif
| # include <string.h>
| #endif
| #ifdef HAVE_STRINGS_H
| # include <strings.h>
| #endif
| #ifdef HAVE_INTTYPES_H
| # include <inttypes.h>
| #endif
| #ifdef HAVE_STDINT_H
| # include <stdint.h>
| #endif
| #ifdef HAVE_UNISTD_H
| # include <unistd.h>
| #endif
| #include <atomic_ops.h>
configure:21839: result: no
configure:21843: checking atomic_ops.h presence
configure:21858: gcc -E  conftest.c
conftest.c:31:24: error: atomic_ops.h: No such file or directory
configure:21864: $? = 1
configure: failed program was:
| /* confdefs.h.  */
| #define PACKAGE_NAME "gc"
| #define PACKAGE_TARNAME "gc"
| #define PACKAGE_VERSION "7.1"
| #define PACKAGE_STRING "gc 7.1"
| #define PACKAGE_BUGREPORT "Hans.Boehm@hp.com"
| #define GC_VERSION_MAJOR 7
| #define GC_VERSION_MINOR 1
| #define PACKAGE "gc"
| #define VERSION "7.1"
| #define GC_LINUX_THREADS 1
| #define _REENTRANT 1
| #define THREAD_LOCAL_ALLOC 1
| #define STDC_HEADERS 1
| #define HAVE_SYS_TYPES_H 1
| #define HAVE_SYS_STAT_H 1
| #define HAVE_STDLIB_H 1
| #define HAVE_STRING_H 1
| #define HAVE_MEMORY_H 1
| #define HAVE_STRINGS_H 1
| #define HAVE_INTTYPES_H 1
| #define HAVE_STDINT_H 1
| #define HAVE_UNISTD_H 1
| #define HAVE_DLFCN_H 1
| #define NO_EXECUTE_PERMISSION 1
| #define ALL_INTERIOR_POINTERS 1
| #define GC_GCJ_SUPPORT 1
| #define JAVA_FINALIZATION 1
| #define ATOMIC_UNCOLLECTABLE 1
| /* end confdefs.h.  */
| #include <atomic_ops.h>
configure:21878: result: no
configure:21911: checking for atomic_ops.h
configure:21918: result: no
configure:21946: Using internal version of libatomic_ops
configure:22233: creating ./config.status

## ---------------------- ##
## Running config.status. ##
## ---------------------- ##

This file was extended by gc config.status 7.1, which was
generated by GNU Autoconf 2.61.  Invocation command line was

  CONFIG_FILES    = 
  CONFIG_HEADERS  = 
  CONFIG_LINKS    = 
  CONFIG_COMMANDS = 
  $ ./config.status 

on tux-laptop

config.status:693: creating Makefile
config.status:693: creating bdw-gc.pc
config.status:878: executing depfiles commands
config.status:878: executing default commands
configure:23463: === configuring in libatomic_ops (/home/tux/workspace/x10.runtime/src-cpp/bdwgc/src/libatomic_ops)
configure:23566: running /bin/sh ./configure '--prefix=/home/tux/workspace/x10.runtime/src-cpp/bdwgc/install'  '-enable-threads=posix' '-enable-thread-local-alloc' --cache-file=/dev/null --srcdir=.

## ---------------- ##
## Cache variables. ##
## ---------------- ##

ac_cv_build=i686-pc-linux-gnu
ac_cv_c_compiler_gnu=yes
ac_cv_cxx_compiler_gnu=yes
ac_cv_env_CCASFLAGS_set=
ac_cv_env_CCASFLAGS_value=
ac_cv_env_CCAS_set=
ac_cv_env_CCAS_value=
ac_cv_env_CCC_set=
ac_cv_env_CCC_value=
ac_cv_env_CC_set=
ac_cv_env_CC_value=
ac_cv_env_CFLAGS_set=
ac_cv_env_CFLAGS_value=
ac_cv_env_CPPFLAGS_set=
ac_cv_env_CPPFLAGS_value=
ac_cv_env_CPP_set=
ac_cv_env_CPP_value=
ac_cv_env_CXXCPP_set=
ac_cv_env_CXXCPP_value=
ac_cv_env_CXXFLAGS_set=
ac_cv_env_CXXFLAGS_value=
ac_cv_env_CXX_set=
ac_cv_env_CXX_value=
ac_cv_env_F77_set=
ac_cv_env_F77_value=
ac_cv_env_FFLAGS_set=
ac_cv_env_FFLAGS_value=
ac_cv_env_LDFLAGS_set=
ac_cv_env_LDFLAGS_value=
ac_cv_env_LIBS_set=
ac_cv_env_LIBS_value=
ac_cv_env_build_alias_set=
ac_cv_env_build_alias_value=
ac_cv_env_host_alias_set=
ac_cv_env_host_alias_value=
ac_cv_env_target_alias_set=
ac_cv_env_target_alias_value=
ac_cv_f77_compiler_gnu=no
ac_cv_header_atomic_ops_h=no
ac_cv_header_dlfcn_h=yes
ac_cv_header_inttypes_h=yes
ac_cv_header_memory_h=yes
ac_cv_header_stdc=yes
ac_cv_header_stdint_h=yes
ac_cv_header_stdlib_h=yes
ac_cv_header_string_h=yes
ac_cv_header_strings_h=yes
ac_cv_header_sys_dg_sys_info_h=no
ac_cv_header_sys_stat_h=yes
ac_cv_header_sys_types_h=yes
ac_cv_header_unistd_h=yes
ac_cv_host=i686-pc-linux-gnu
ac_cv_lib_dl_dlopen=yes
ac_cv_objext=o
ac_cv_path_EGREP='/bin/grep -E'
ac_cv_path_GREP=/bin/grep
ac_cv_path_install='/usr/bin/install -c'
ac_cv_prog_AWK=gawk
ac_cv_prog_CPP='gcc -E'
ac_cv_prog_CXXCPP='g++ -E'
ac_cv_prog_ac_ct_AR=ar
ac_cv_prog_ac_ct_CC=gcc
ac_cv_prog_ac_ct_CXX=g++
ac_cv_prog_ac_ct_RANLIB=ranlib
ac_cv_prog_ac_ct_STRIP=strip
ac_cv_prog_cc_c89=
ac_cv_prog_cc_g=yes
ac_cv_prog_cc_gcc_c_o=yes
ac_cv_prog_cxx_g=yes
ac_cv_prog_f77_g=no
ac_cv_prog_make_make_set=yes
ac_cv_target=i686-pc-linux-gnu
am_cv_CC_dependencies_compiler_type=gcc3
am_cv_CXX_dependencies_compiler_type=gcc3
lt_cv_deplibs_check_method=pass_all
lt_cv_file_magic_cmd='$MAGIC_CMD'
lt_cv_file_magic_test_file=
lt_cv_ld_reload_flag=-r
lt_cv_objdir=.libs
lt_cv_path_LD=/usr/bin/ld
lt_cv_path_LDCXX=/usr/bin/ld
lt_cv_path_NM='/usr/bin/nm -B'
lt_cv_path_SED=/bin/sed
lt_cv_prog_compiler_c_o=yes
lt_cv_prog_compiler_c_o_CXX=yes
lt_cv_prog_compiler_rtti_exceptions=no
lt_cv_prog_gnu_ld=yes
lt_cv_prog_gnu_ldcxx=yes
lt_cv_sys_global_symbol_pipe='sed -n -e '\''s/^.*[ 	]\([ABCDGIRSTW][ABCDGIRSTW]*\)[ 	][ 	]*\([_A-Za-z][_A-Za-z0-9]*\)$/\1 \2 \2/p'\'''
lt_cv_sys_global_symbol_to_c_name_address='sed -n -e '\''s/^: \([^ ]*\) $/  {\"\1\", (lt_ptr) 0},/p'\'' -e '\''s/^[BCDEGRST] \([^ ]*\) \([^ ]*\)$/  {"\2", (lt_ptr) \&\2},/p'\'''
lt_cv_sys_global_symbol_to_cdecl='sed -n -e '\''s/^. .* \(.*\)$/extern int \1;/p'\'''
lt_cv_sys_max_cmd_len=32768
lt_lt_cv_prog_compiler_c_o='"yes"'
lt_lt_cv_prog_compiler_c_o_CXX='"yes"'
lt_lt_cv_sys_global_symbol_pipe='"sed -n -e '\''s/^.*[ 	]\\([ABCDGIRSTW][ABCDGIRSTW]*\\)[ 	][ 	]*\\([_A-Za-z][_A-Za-z0-9]*\\)\$/\\1 \\2 \\2/p'\''"'
lt_lt_cv_sys_global_symbol_to_c_name_address='"sed -n -e '\''s/^: \\([^ ]*\\) \$/  {\\\"\\1\\\", (lt_ptr) 0},/p'\'' -e '\''s/^[BCDEGRST] \\([^ ]*\\) \\([^ ]*\\)\$/  {\"\\2\", (lt_ptr) \\&\\2},/p'\''"'
lt_lt_cv_sys_global_symbol_to_cdecl='"sed -n -e '\''s/^. .* \\(.*\\)\$/extern int \\1;/p'\''"'

## ----------------- ##
## Output variables. ##
## ----------------- ##

ACLOCAL='${SHELL} /home/tux/workspace/x10.runtime/src-cpp/bdwgc/src/missing --run aclocal-1.9'
AMDEPBACKSLASH='\'
AMDEP_FALSE='#'
AMDEP_TRUE=''
AMTAR='${SHELL} /home/tux/workspace/x10.runtime/src-cpp/bdwgc/src/missing --run tar'
AR='ar'
AUTOCONF='${SHELL} /home/tux/workspace/x10.runtime/src-cpp/bdwgc/src/missing --run autoconf'
AUTOHEADER='${SHELL} /home/tux/workspace/x10.runtime/src-cpp/bdwgc/src/missing --run autoheader'
AUTOMAKE='${SHELL} /home/tux/workspace/x10.runtime/src-cpp/bdwgc/src/missing --run automake-1.9'
AVOID_CPP_LIB_FALSE=''
AVOID_CPP_LIB_TRUE='#'
AWK='gawk'
CC='gcc'
CCAS='gcc'
CCASFLAGS='-g -O2'
CCDEPMODE='depmode=gcc3'
CFLAGS='-g -O2'
COMPILER_XLC_FALSE=''
COMPILER_XLC_TRUE='#'
CPLUSPLUS_FALSE=''
CPLUSPLUS_TRUE='#'
CPP='gcc -E'
CPPFLAGS=''
CXX='g++'
CXXCPP='g++ -E'
CXXDEPMODE='depmode=gcc3'
CXXFLAGS='-g -O2'
CXXINCLUDES=''
CYGPATH_W='echo'
DARWIN_THREADS_FALSE=''
DARWIN_THREADS_TRUE='#'
DEFS='-DPACKAGE_NAME=\"gc\" -DPACKAGE_TARNAME=\"gc\" -DPACKAGE_VERSION=\"7.1\" -DPACKAGE_STRING=\"gc\ 7.1\" -DPACKAGE_BUGREPORT=\"Hans.Boehm@hp.com\" -DGC_VERSION_MAJOR=7 -DGC_VERSION_MINOR=1 -DPACKAGE=\"gc\" -DVERSION=\"7.1\" -DGC_LINUX_THREADS=1 -D_REENTRANT=1 -DTHREAD_LOCAL_ALLOC=1 -DSTDC_HEADERS=1 -DHAVE_SYS_TYPES_H=1 -DHAVE_SYS_STAT_H=1 -DHAVE_STDLIB_H=1 -DHAVE_STRING_H=1 -DHAVE_MEMORY_H=1 -DHAVE_STRINGS_H=1 -DHAVE_INTTYPES_H=1 -DHAVE_STDINT_H=1 -DHAVE_UNISTD_H=1 -DHAVE_DLFCN_H=1 -DNO_EXECUTE_PERMISSION=1 -DALL_INTERIOR_POINTERS=1 -DGC_GCJ_SUPPORT=1 -DJAVA_FINALIZATION=1 -DATOMIC_UNCOLLECTABLE=1'
DEPDIR='.deps'
ECHO='echo'
ECHO_C=''
ECHO_N='-n'
ECHO_T=''
EGREP='/bin/grep -E'
ENABLE_GCJ_SUPPORT_FALSE='#'
ENABLE_GCJ_SUPPORT_TRUE=''
EXEEXT=''
EXTRA_TEST_LIBS=''
F77=''
FFLAGS=''
GC_CFLAGS=' -fexceptions -I libatomic_ops/src'
GC_VERSION=''
GREP='/bin/grep'
INCLUDES='-I./include'
INSTALL_DATA='${INSTALL} -m 644'
INSTALL_PROGRAM='${INSTALL}'
INSTALL_SCRIPT='${INSTALL}'
INSTALL_STRIP_PROGRAM='${SHELL} $(install_sh) -c -s'
LDFLAGS=''
LIBOBJS=''
LIBS=''
LIBTOOL='$(SHELL) $(top_builddir)/libtool'
LN_S='ln -s'
LTLIBOBJS=''
MAINT='#'
MAINTAINER_MODE_FALSE=''
MAINTAINER_MODE_TRUE='#'
MAKEINFO='${SHELL} /home/tux/workspace/x10.runtime/src-cpp/bdwgc/src/missing --run makeinfo'
NEED_ATOMIC_OPS_ASM_FALSE=''
NEED_ATOMIC_OPS_ASM_TRUE='#'
OBJEXT='o'
PACKAGE='gc'
PACKAGE_BUGREPORT='Hans.Boehm@hp.com'
PACKAGE_NAME='gc'
PACKAGE_STRING='gc 7.1'
PACKAGE_TARNAME='gc'
PACKAGE_VERSION='7.1'
PATH_SEPARATOR=':'
PTHREADS_FALSE='#'
PTHREADS_TRUE=''
RANLIB='ranlib'
SET_MAKE=''
SHELL='/bin/sh'
STRIP='strip'
THREADDLLIBS='-lpthread -ldl'
THREADS_FALSE='#'
THREADS_TRUE=''
UNWINDLIBS=''
USE_INTERNAL_LIBATOMIC_OPS_FALSE='#'
USE_INTERNAL_LIBATOMIC_OPS_TRUE=''
USE_LIBDIR_FALSE='#'
USE_LIBDIR_TRUE=''
VERSION='7.1'
WIN32_THREADS_FALSE=''
WIN32_THREADS_TRUE='#'
ac_ct_CC='gcc'
ac_ct_CXX='g++'
ac_ct_F77=''
addlibs=''
addobjs=' mach_dep.lo'
am__fastdepCC_FALSE='#'
am__fastdepCC_TRUE=''
am__fastdepCXX_FALSE='#'
am__fastdepCXX_TRUE=''
am__include='include'
am__leading_dot='.'
am__quote=''
am__tar='${AMTAR} chof - "$$tardir"'
am__untar='${AMTAR} xf -'
atomic_ops_libs='-latomic_ops'
bindir='${exec_prefix}/bin'
build='i686-pc-linux-gnu'
build_alias=''
build_cpu='i686'
build_os='linux-gnu'
build_vendor='pc'
datadir='${datarootdir}'
datarootdir='${prefix}/share'
docdir='${datarootdir}/doc/${PACKAGE_TARNAME}'
dvidir='${docdir}'
exec_prefix='${prefix}'
extra_ldflags_libgc=''
host='i686-pc-linux-gnu'
host_alias=''
host_cpu='i686'
host_os='linux-gnu'
host_vendor='pc'
htmldir='${docdir}'
includedir='${prefix}/include'
infodir='${datarootdir}/info'
install_sh='/home/tux/workspace/x10.runtime/src-cpp/bdwgc/src/install-sh'
libdir='${exec_prefix}/lib'
libexecdir='${exec_prefix}/libexec'
localedir='${datarootdir}/locale'
localstatedir='${prefix}/var'
mandir='${datarootdir}/man'
mkdir_p='mkdir -p --'
oldincludedir='/usr/include'
pdfdir='${docdir}'
prefix='/home/tux/workspace/x10.runtime/src-cpp/bdwgc/install'
program_transform_name='s,x,x,'
psdir='${docdir}'
sbindir='${exec_prefix}/sbin'
sharedstatedir='${prefix}/com'
subdirs=' libatomic_ops'
sysconfdir='${prefix}/etc'
target='i686-pc-linux-gnu'
target_alias=''
target_all='libgc.la'
target_cpu='i686'
target_os='linux-gnu'
target_vendor='pc'

## ----------- ##
## confdefs.h. ##
## ----------- ##

#define PACKAGE_NAME "gc"
#define PACKAGE_TARNAME "gc"
#define PACKAGE_VERSION "7.1"
#define PACKAGE_STRING "gc 7.1"
#define PACKAGE_BUGREPORT "Hans.Boehm@hp.com"
#define GC_VERSION_MAJOR 7
#define GC_VERSION_MINOR 1
#define PACKAGE "gc"
#define VERSION "7.1"
#define GC_LINUX_THREADS 1
#define _REENTRANT 1
#define THREAD_LOCAL_ALLOC 1
#define STDC_HEADERS 1
#define HAVE_SYS_TYPES_H 1
#define HAVE_SYS_STAT_H 1
#define HAVE_STDLIB_H 1
#define HAVE_STRING_H 1
#define HAVE_MEMORY_H 1
#define HAVE_STRINGS_H 1
#define HAVE_INTTYPES_H 1
#define HAVE_STDINT_H 1
#define HAVE_UNISTD_H 1
#define HAVE_DLFCN_H 1
#define NO_EXECUTE_PERMISSION 1
#define ALL_INTERIOR_POINTERS 1
#define GC_GCJ_SUPPORT 1
#define JAVA_FINALIZATION 1
#define ATOMIC_UNCOLLECTABLE 1

configure: exit 0
